[debug] [2019-01-06T21:41:56.650Z] ----------------------------------------------------------------------
[debug] [2019-01-06T21:41:56.653Z] Command:       /usr/bin/node /usr/bin/firebase serve
[debug] [2019-01-06T21:41:56.653Z] CLI Version:   6.1.2
[debug] [2019-01-06T21:41:56.653Z] Platform:      linux
[debug] [2019-01-06T21:41:56.653Z] Node Version:  v8.14.0
[debug] [2019-01-06T21:41:56.653Z] Time:          Sun Jan 06 2019 22:41:56 GMT+0100 (CET)
[debug] [2019-01-06T21:41:56.653Z] ----------------------------------------------------------------------
[debug] 
[debug] [2019-01-06T21:41:56.661Z] > command requires scopes: ["email","openid","https://www.googleapis.com/auth/cloudplatformprojects.readonly","https://www.googleapis.com/auth/firebase","https://www.googleapis.com/auth/cloud-platform"]
[debug] [2019-01-06T21:41:56.661Z] > authorizing via signed-in user
[debug] [2019-01-06T21:41:56.661Z] [iam] checking project iotproject999-b5fee for permissions ["firebase.projects.get"]
[debug] [2019-01-06T21:41:56.663Z] >>> HTTP REQUEST POST https://cloudresourcemanager.googleapis.com/v1/projects/iotproject999-b5fee:testIamPermissions  

[debug] [2019-01-06T21:41:57.688Z] <<< HTTP RESPONSE 200
[debug] [2019-01-06T21:41:57.691Z] >>> HTTP REQUEST GET https://cloudresourcemanager.googleapis.com/v1/projects/iotproject999-b5fee  
 
[debug] [2019-01-06T21:41:58.709Z] <<< HTTP RESPONSE 200
[info] 
[info] === Serving from '/home/karthik/Desktop/HKR/InternetOfThings/smart-home-firebase'...
[info] 
[info] i  functions: Preparing to emulate functions.
[debug] [2019-01-06T21:42:03.036Z] Fetching environment
[debug] [2019-01-06T21:42:03.038Z] >>> HTTP REQUEST GET https://mobilesdk-pa.googleapis.com/v1/projects/186171741781:getServerAppConfig  
 
[debug] [2019-01-06T21:42:03.038Z] >>> HTTP REQUEST GET https://mobilesdk-pa.googleapis.com/v1/projects/186171741781/clients/_:getWebAppConfig  
 
[debug] [2019-01-06T21:42:03.653Z] <<< HTTP RESPONSE 200
[debug] [2019-01-06T21:42:03.654Z] Starting @google-cloud/functions-emulator
[debug] [2019-01-06T21:42:03.815Z] <<< HTTP RESPONSE 200
[info] i  hosting: Serving hosting files from: build
[info] ✔  hosting: Local server: http://localhost:5000
[debug] [2019-01-06T21:42:10.183Z] Parsing function triggers
[info] ✔  functions: getSensorValue: http://localhost:5001/iotproject999-b5fee/us-central1/getSensorValue
[info] ✔  functions: getFirebaseVideoURL: http://localhost:5001/iotproject999-b5fee/us-central1/getFirebaseVideoURL
[info] ✔  functions: getSmartPlugState: http://localhost:5001/iotproject999-b5fee/us-central1/getSmartPlugState
